<?xml version="1.0" encoding="UTF-8"?>
<!-- Generated by org.testng.reporters.JUnitReportReporter -->
<testsuite skipped="0" hostname="Ginas" name="org.rahulshettyacademy.DemoTest" tests="2" failures="0" timestamp="2021-03-03T17:10:34 PST" time="29.421" errors="0">
  <testcase name="flightTest" time="11.175" classname="org.rahulshettyacademy.DemoTest"/>
  <system-out/>
  <testcase name="flightTest" time="18.246" classname="org.rahulshettyacademy.DemoTest"/>
  <system-out/>
</testsuite> <!-- org.rahulshettyacademy.DemoTest -->
